<?xml version="1.0" encoding="UTF-8"?>
<testsuite name="CalculatorTest$firstTest" tests="1" skipped="0" failures="0" errors="0" timestamp="2020-10-12T20:25:14" hostname="DESKTOP-FJR1P1T" time="0.001">
  <properties/>
  <testcase name="testSum()" classname="CalculatorTest$firstTest" time="0.001"/>
  <system-out><![CDATA[]]></system-out>
  <system-err><![CDATA[]]></system-err>
</testsuite>
