<?xml version="1.0" encoding="UTF-8"?>
<testsuite name="CalculatorTest" tests="109" skipped="1" failures="0" errors="0" timestamp="2020-10-12T20:25:14" hostname="DESKTOP-FJR1P1T" time="0.102">
  <properties/>
  <testcase name="testMul(int, int)[1]" classname="CalculatorTest" time="0.021"/>
  <testcase name="testMul(int, int)[2]" classname="CalculatorTest" time="0.0"/>
  <testcase name="testSub(int, int)[1]" classname="CalculatorTest" time="0.0"/>
  <testcase name="testSub(int, int)[2]" classname="CalculatorTest" time="0.0"/>
  <testcase name="disabledTest()" classname="CalculatorTest" time="0.0">
    <skipped/>
  </testcase>
  <testcase name="testAddTen(int)[1]" classname="CalculatorTest" time="0.0"/>
  <testcase name="testAddTen(int)[2]" classname="CalculatorTest" time="0.0"/>
  <testcase name="testAddTen(int)[3]" classname="CalculatorTest" time="0.0"/>
  <testcase name="severalTests()[1]" classname="CalculatorTest" time="0.0"/>
  <testcase name="severalTests()[2]" classname="CalculatorTest" time="0.0"/>
  <testcase name="severalTests()[3]" classname="CalculatorTest" time="0.0"/>
  <testcase name="severalTests()[4]" classname="CalculatorTest" time="0.0"/>
  <testcase name="severalTests()[5]" classname="CalculatorTest" time="0.0"/>
  <testcase name="severalTests()[6]" classname="CalculatorTest" time="0.0"/>
  <testcase name="severalTests()[7]" classname="CalculatorTest" time="0.001"/>
  <testcase name="severalTests()[8]" classname="CalculatorTest" time="0.0"/>
  <testcase name="severalTests()[9]" classname="CalculatorTest" time="0.0"/>
  <testcase name="severalTests()[10]" classname="CalculatorTest" time="0.0"/>
  <testcase name="severalTests()[11]" classname="CalculatorTest" time="0.001"/>
  <testcase name="severalTests()[12]" classname="CalculatorTest" time="0.0"/>
  <testcase name="severalTests()[13]" classname="CalculatorTest" time="0.0"/>
  <testcase name="severalTests()[14]" classname="CalculatorTest" time="0.0"/>
  <testcase name="severalTests()[15]" classname="CalculatorTest" time="0.0"/>
  <testcase name="severalTests()[16]" classname="CalculatorTest" time="0.001"/>
  <testcase name="severalTests()[17]" classname="CalculatorTest" time="0.0"/>
  <testcase name="severalTests()[18]" classname="CalculatorTest" time="0.0"/>
  <testcase name="severalTests()[19]" classname="CalculatorTest" time="0.0"/>
  <testcase name="severalTests()[20]" classname="CalculatorTest" time="0.0"/>
  <testcase name="severalTests()[21]" classname="CalculatorTest" time="0.001"/>
  <testcase name="severalTests()[22]" classname="CalculatorTest" time="0.0"/>
  <testcase name="severalTests()[23]" classname="CalculatorTest" time="0.0"/>
  <testcase name="severalTests()[24]" classname="CalculatorTest" time="0.001"/>
  <testcase name="severalTests()[25]" classname="CalculatorTest" time="0.0"/>
  <testcase name="severalTests()[26]" classname="CalculatorTest" time="0.0"/>
  <testcase name="severalTests()[27]" classname="CalculatorTest" time="0.0"/>
  <testcase name="severalTests()[28]" classname="CalculatorTest" time="0.0"/>
  <testcase name="severalTests()[29]" classname="CalculatorTest" time="0.0"/>
  <testcase name="severalTests()[30]" classname="CalculatorTest" time="0.0"/>
  <testcase name="severalTests()[31]" classname="CalculatorTest" time="0.001"/>
  <testcase name="severalTests()[32]" classname="CalculatorTest" time="0.0"/>
  <testcase name="severalTests()[33]" classname="CalculatorTest" time="0.001"/>
  <testcase name="severalTests()[34]" classname="CalculatorTest" time="0.0"/>
  <testcase name="severalTests()[35]" classname="CalculatorTest" time="0.0"/>
  <testcase name="severalTests()[36]" classname="CalculatorTest" time="0.001"/>
  <testcase name="severalTests()[37]" classname="CalculatorTest" time="0.0"/>
  <testcase name="severalTests()[38]" classname="CalculatorTest" time="0.0"/>
  <testcase name="severalTests()[39]" classname="CalculatorTest" time="0.0"/>
  <testcase name="severalTests()[40]" classname="CalculatorTest" time="0.0"/>
  <testcase name="severalTests()[41]" classname="CalculatorTest" time="0.0"/>
  <testcase name="severalTests()[42]" classname="CalculatorTest" time="0.0"/>
  <testcase name="severalTests()[43]" classname="CalculatorTest" time="0.0"/>
  <testcase name="severalTests()[44]" classname="CalculatorTest" time="0.0"/>
  <testcase name="severalTests()[45]" classname="CalculatorTest" time="0.001"/>
  <testcase name="severalTests()[46]" classname="CalculatorTest" time="0.0"/>
  <testcase name="severalTests()[47]" classname="CalculatorTest" time="0.001"/>
  <testcase name="severalTests()[48]" classname="CalculatorTest" time="0.0"/>
  <testcase name="severalTests()[49]" classname="CalculatorTest" time="0.0"/>
  <testcase name="severalTests()[50]" classname="CalculatorTest" time="0.0"/>
  <testcase name="severalTests()[51]" classname="CalculatorTest" time="0.0"/>
  <testcase name="severalTests()[52]" classname="CalculatorTest" time="0.0"/>
  <testcase name="severalTests()[53]" classname="CalculatorTest" time="0.0"/>
  <testcase name="severalTests()[54]" classname="CalculatorTest" time="0.0"/>
  <testcase name="severalTests()[55]" classname="CalculatorTest" time="0.0"/>
  <testcase name="severalTests()[56]" classname="CalculatorTest" time="0.0"/>
  <testcase name="severalTests()[57]" classname="CalculatorTest" time="0.0"/>
  <testcase name="severalTests()[58]" classname="CalculatorTest" time="0.0"/>
  <testcase name="severalTests()[59]" classname="CalculatorTest" time="0.001"/>
  <testcase name="severalTests()[60]" classname="CalculatorTest" time="0.0"/>
  <testcase name="severalTests()[61]" classname="CalculatorTest" time="0.0"/>
  <testcase name="severalTests()[62]" classname="CalculatorTest" time="0.001"/>
  <testcase name="severalTests()[63]" classname="CalculatorTest" time="0.0"/>
  <testcase name="severalTests()[64]" classname="CalculatorTest" time="0.0"/>
  <testcase name="severalTests()[65]" classname="CalculatorTest" time="0.0"/>
  <testcase name="severalTests()[66]" classname="CalculatorTest" time="0.0"/>
  <testcase name="severalTests()[67]" classname="CalculatorTest" time="0.0"/>
  <testcase name="severalTests()[68]" classname="CalculatorTest" time="0.0"/>
  <testcase name="severalTests()[69]" classname="CalculatorTest" time="0.001"/>
  <testcase name="severalTests()[70]" classname="CalculatorTest" time="0.0"/>
  <testcase name="severalTests()[71]" classname="CalculatorTest" time="0.0"/>
  <testcase name="severalTests()[72]" classname="CalculatorTest" time="0.0"/>
  <testcase name="severalTests()[73]" classname="CalculatorTest" time="0.0"/>
  <testcase name="severalTests()[74]" classname="CalculatorTest" time="0.0"/>
  <testcase name="severalTests()[75]" classname="CalculatorTest" time="0.0"/>
  <testcase name="severalTests()[76]" classname="CalculatorTest" time="0.0"/>
  <testcase name="severalTests()[77]" classname="CalculatorTest" time="0.0"/>
  <testcase name="severalTests()[78]" classname="CalculatorTest" time="0.001"/>
  <testcase name="severalTests()[79]" classname="CalculatorTest" time="0.0"/>
  <testcase name="severalTests()[80]" classname="CalculatorTest" time="0.0"/>
  <testcase name="severalTests()[81]" classname="CalculatorTest" time="0.0"/>
  <testcase name="severalTests()[82]" classname="CalculatorTest" time="0.0"/>
  <testcase name="severalTests()[83]" classname="CalculatorTest" time="0.0"/>
  <testcase name="severalTests()[84]" classname="CalculatorTest" time="0.0"/>
  <testcase name="severalTests()[85]" classname="CalculatorTest" time="0.0"/>
  <testcase name="severalTests()[86]" classname="CalculatorTest" time="0.0"/>
  <testcase name="severalTests()[87]" classname="CalculatorTest" time="0.0"/>
  <testcase name="severalTests()[88]" classname="CalculatorTest" time="0.0"/>
  <testcase name="severalTests()[89]" classname="CalculatorTest" time="0.0"/>
  <testcase name="severalTests()[90]" classname="CalculatorTest" time="0.0"/>
  <testcase name="severalTests()[91]" classname="CalculatorTest" time="0.0"/>
  <testcase name="severalTests()[92]" classname="CalculatorTest" time="0.0"/>
  <testcase name="severalTests()[93]" classname="CalculatorTest" time="0.0"/>
  <testcase name="severalTests()[94]" classname="CalculatorTest" time="0.0"/>
  <testcase name="severalTests()[95]" classname="CalculatorTest" time="0.0"/>
  <testcase name="severalTests()[96]" classname="CalculatorTest" time="0.0"/>
  <testcase name="severalTests()[97]" classname="CalculatorTest" time="0.0"/>
  <testcase name="severalTests()[98]" classname="CalculatorTest" time="0.0"/>
  <testcase name="severalTests()[99]" classname="CalculatorTest" time="0.0"/>
  <testcase name="severalTests()[100]" classname="CalculatorTest" time="0.0"/>
  <testcase name="divideByZero()" classname="CalculatorTest" time="0.002"/>
  <system-out><![CDATA[]]></system-out>
  <system-err><![CDATA[]]></system-err>
</testsuite>
